mode: set
YouSightSeeing/backend/internal/app/usecase/google_auth_uc.go:33.47,42.2 1 0
YouSightSeeing/backend/internal/app/usecase/google_auth_uc.go:44.112,50.16 2 0
YouSightSeeing/backend/internal/app/usecase/google_auth_uc.go:50.16,52.3 1 0
YouSightSeeing/backend/internal/app/usecase/google_auth_uc.go:58.2,61.16 3 0
YouSightSeeing/backend/internal/app/usecase/google_auth_uc.go:61.16,62.37 1 0
YouSightSeeing/backend/internal/app/usecase/google_auth_uc.go:62.37,64.4 1 0
YouSightSeeing/backend/internal/app/usecase/google_auth_uc.go:65.8,70.44 2 0
YouSightSeeing/backend/internal/app/usecase/google_auth_uc.go:70.44,74.21 2 0
YouSightSeeing/backend/internal/app/usecase/google_auth_uc.go:74.21,76.5 1 0
YouSightSeeing/backend/internal/app/usecase/google_auth_uc.go:79.4,90.108 3 0
YouSightSeeing/backend/internal/app/usecase/google_auth_uc.go:90.108,92.5 1 0
YouSightSeeing/backend/internal/app/usecase/google_auth_uc.go:94.4,94.27 1 0
YouSightSeeing/backend/internal/app/usecase/google_auth_uc.go:95.9,95.32 1 0
YouSightSeeing/backend/internal/app/usecase/google_auth_uc.go:95.32,97.4 1 0
YouSightSeeing/backend/internal/app/usecase/google_auth_uc.go:97.9,99.106 1 0
YouSightSeeing/backend/internal/app/usecase/google_auth_uc.go:99.106,101.5 1 0
YouSightSeeing/backend/internal/app/usecase/google_auth_uc.go:104.4,106.21 2 0
YouSightSeeing/backend/internal/app/usecase/google_auth_uc.go:106.21,108.5 1 0
YouSightSeeing/backend/internal/app/usecase/google_auth_uc.go:111.4,118.106 6 0
YouSightSeeing/backend/internal/app/usecase/google_auth_uc.go:118.106,120.5 1 0
YouSightSeeing/backend/internal/app/usecase/google_auth_uc.go:122.4,122.27 1 0
YouSightSeeing/backend/internal/app/usecase/google_auth_uc.go:125.3,126.17 2 0
YouSightSeeing/backend/internal/app/usecase/google_auth_uc.go:126.17,128.4 1 0
YouSightSeeing/backend/internal/app/usecase/google_auth_uc.go:130.3,134.9 1 0
YouSightSeeing/backend/internal/app/usecase/google_auth_uc.go:138.2,140.74 2 0
YouSightSeeing/backend/internal/app/usecase/google_auth_uc.go:140.74,142.3 1 0
YouSightSeeing/backend/internal/app/usecase/google_auth_uc.go:145.2,147.19 2 0
YouSightSeeing/backend/internal/app/usecase/google_auth_uc.go:147.19,149.3 1 0
YouSightSeeing/backend/internal/app/usecase/google_auth_uc.go:152.2,163.106 3 0
YouSightSeeing/backend/internal/app/usecase/google_auth_uc.go:163.106,165.3 1 0
YouSightSeeing/backend/internal/app/usecase/google_auth_uc.go:167.2,168.16 2 0
YouSightSeeing/backend/internal/app/usecase/google_auth_uc.go:168.16,170.3 1 0
YouSightSeeing/backend/internal/app/usecase/google_auth_uc.go:172.2,176.8 1 0
YouSightSeeing/backend/internal/app/usecase/google_auth_uc.go:179.110,180.17 1 0
YouSightSeeing/backend/internal/app/usecase/google_auth_uc.go:180.17,182.3 1 0
YouSightSeeing/backend/internal/app/usecase/google_auth_uc.go:184.2,185.16 2 0
YouSightSeeing/backend/internal/app/usecase/google_auth_uc.go:185.16,187.3 1 0
YouSightSeeing/backend/internal/app/usecase/google_auth_uc.go:189.2,189.28 1 0
YouSightSeeing/backend/internal/app/usecase/google_auth_uc.go:189.28,191.3 1 0
YouSightSeeing/backend/internal/app/usecase/google_auth_uc.go:192.2,192.30 1 0
YouSightSeeing/backend/internal/app/usecase/google_auth_uc.go:192.30,194.3 1 0
YouSightSeeing/backend/internal/app/usecase/google_auth_uc.go:196.2,196.33 1 0
YouSightSeeing/backend/internal/app/usecase/google_auth_uc.go:196.33,198.3 1 0
YouSightSeeing/backend/internal/app/usecase/google_auth_uc.go:200.2,200.26 1 0
YouSightSeeing/backend/internal/app/usecase/logout_uc.go:15.64,19.2 1 1
YouSightSeeing/backend/internal/app/usecase/logout_uc.go:21.100,23.27 1 1
YouSightSeeing/backend/internal/app/usecase/logout_uc.go:23.27,25.3 1 1
YouSightSeeing/backend/internal/app/usecase/logout_uc.go:28.2,31.16 3 1
YouSightSeeing/backend/internal/app/usecase/logout_uc.go:31.16,33.3 1 1
YouSightSeeing/backend/internal/app/usecase/logout_uc.go:35.2,35.76 1 1
YouSightSeeing/backend/internal/app/usecase/logout_uc.go:35.76,37.3 1 1
YouSightSeeing/backend/internal/app/usecase/logout_uc.go:39.2,42.8 1 1
YouSightSeeing/backend/internal/app/usecase/refresh_token_uc.go:31.49,39.2 1 0
YouSightSeeing/backend/internal/app/usecase/refresh_token_uc.go:41.118,43.27 1 0
YouSightSeeing/backend/internal/app/usecase/refresh_token_uc.go:43.27,45.3 1 0
YouSightSeeing/backend/internal/app/usecase/refresh_token_uc.go:48.2,49.16 2 0
YouSightSeeing/backend/internal/app/usecase/refresh_token_uc.go:49.16,51.3 1 0
YouSightSeeing/backend/internal/app/usecase/refresh_token_uc.go:54.2,55.16 2 0
YouSightSeeing/backend/internal/app/usecase/refresh_token_uc.go:55.16,57.3 1 0
YouSightSeeing/backend/internal/app/usecase/refresh_token_uc.go:60.2,61.16 2 0
YouSightSeeing/backend/internal/app/usecase/refresh_token_uc.go:61.16,63.3 1 0
YouSightSeeing/backend/internal/app/usecase/refresh_token_uc.go:65.2,69.8 1 0
YouSightSeeing/backend/internal/app/usecase/refresh_token_uc.go:73.111,77.16 3 0
YouSightSeeing/backend/internal/app/usecase/refresh_token_uc.go:77.16,78.36 1 0
YouSightSeeing/backend/internal/app/usecase/refresh_token_uc.go:78.36,80.4 1 0
YouSightSeeing/backend/internal/app/usecase/refresh_token_uc.go:81.3,81.72 1 0
YouSightSeeing/backend/internal/app/usecase/refresh_token_uc.go:84.2,84.28 1 0
YouSightSeeing/backend/internal/app/usecase/refresh_token_uc.go:84.28,86.3 1 0
YouSightSeeing/backend/internal/app/usecase/refresh_token_uc.go:88.2,88.47 1 0
YouSightSeeing/backend/internal/app/usecase/refresh_token_uc.go:88.47,89.78 1 0
YouSightSeeing/backend/internal/app/usecase/refresh_token_uc.go:89.78,91.4 1 0
YouSightSeeing/backend/internal/app/usecase/refresh_token_uc.go:92.3,92.49 1 0
YouSightSeeing/backend/internal/app/usecase/refresh_token_uc.go:95.2,95.26 1 0
YouSightSeeing/backend/internal/app/usecase/refresh_token_uc.go:99.114,100.85 1 0
YouSightSeeing/backend/internal/app/usecase/refresh_token_uc.go:100.85,102.3 1 0
YouSightSeeing/backend/internal/app/usecase/refresh_token_uc.go:104.2,105.16 2 0
YouSightSeeing/backend/internal/app/usecase/refresh_token_uc.go:105.16,107.3 1 0
YouSightSeeing/backend/internal/app/usecase/refresh_token_uc.go:109.2,117.63 2 0
YouSightSeeing/backend/internal/app/usecase/refresh_token_uc.go:117.63,119.3 1 0
YouSightSeeing/backend/internal/app/usecase/refresh_token_uc.go:121.2,121.28 1 0
YouSightSeeing/backend/internal/app/usecase/refresh_token_uc.go:125.142,127.16 2 0
YouSightSeeing/backend/internal/app/usecase/refresh_token_uc.go:127.16,129.3 1 0
YouSightSeeing/backend/internal/app/usecase/refresh_token_uc.go:131.2,132.16 2 0
YouSightSeeing/backend/internal/app/usecase/refresh_token_uc.go:132.16,134.3 1 0
YouSightSeeing/backend/internal/app/usecase/refresh_token_uc.go:136.2,136.39 1 0
